// 重构日志: 00c645f3
// 重构日志: 7149c8c6
// 重构日志: 9d810fec
// 重构日志: 2befde26
// 重构日志: 3b4ae18f
// 同步 ID: 2e8cb4a3 @ Wed Jul 15 04:11:52 UTC 2026
// 重构日志: bfc3d2b1
// 重构日志: 120ab5b2
// 重构日志: 9bfb6643
// 同步 ID: 87a1e997 @ Fri Jul 17 21:22:29 UTC 2026
// 重构日志: 5ee86a7a
// 重构日志: 94ecbb2a
// 同步 ID: 8ab06d58 @ Sat Jul 18 14:38:20 UTC 2026
// 重构日志: 6a01d213
// 重构日志: 847654f9
// 同步 ID: 47753587 @ Sun Jul 19 14:12:44 UTC 2026
// 重构日志: 4b1af7c0
// 重构日志: 53a6a421
// 同步 ID: e4c4d553 @ Sun Jul 19 21:42:05 UTC 2026
// 同步 ID: a00b0e6b @ Sun Jul 19 23:49:06 UTC 2026
// 重构日志: a620b3eb
// 同步 ID: d7372892 @ Mon Jul 20 05:07:22 UTC 2026
// 重构日志: 3bdc684c
// 同步 ID: 7736c156 @ Mon Jul 20 13:23:10 UTC 2026
// 同步 ID: 6ed0421f @ Mon Jul 20 15:55:16 UTC 2026
// 同步 ID: 4496d21a @ Tue Jul 21 01:13:16 UTC 2026
// 重构日志: b547377f
// 同步 ID: 5444b86f @ Wed Jul 22 04:36:44 UTC 2026
// 同步 ID: 444ef424 @ Fri Jul 24 00:28:36 UTC 2026
// 同步 ID: a4bb0437 @ Fri Jul 24 10:00:35 UTC 2026
